<?xml version="1.0" encoding="UTF-8"?>
<!-- Generated by org.testng.reporters.JUnitReportReporter -->
<testsuite hostname="Jinta_Starlet" failures="0" tests="1" name="testscript.ManageFooterTextTest" time="7.839" errors="0" timestamp="2024-12-17T10:23:21 GST" skipped="0">
  <testcase classname="testscript.ManageFooterTextTest" name="manageFooterPage" time="7.839"/>
</testsuite> <!-- testscript.ManageFooterTextTest -->
