<?xml version="1.0" encoding="UTF-8"?>
<!-- Generated by org.testng.reporters.JUnitReportReporter -->
<testsuite hostname="Jinta_Starlet" failures="0" tests="1" name="testscript.EditSubCategoryTest" time="7.874" errors="0" timestamp="2024-12-17T10:36:03 GST" skipped="0">
  <testcase classname="testscript.EditSubCategoryTest" name="editSubCategoryPage" time="7.874"/>
</testsuite> <!-- testscript.EditSubCategoryTest -->
