<?xml version="1.0" encoding="UTF-8"?>
<!-- Generated by org.testng.reporters.JUnitReportReporter -->
<testsuite hostname="Jinta_Starlet" failures="0" tests="1" name="testscript.AdminUserTest" time="57.559" errors="0" timestamp="2024-12-20T13:09:18 GST" skipped="0">
  <testcase classname="testscript.AdminUserTest" name="adminuserpage" time="57.559"/>
</testsuite> <!-- testscript.AdminUserTest -->
