<?xml version="1.0" encoding="UTF-8"?>
<!-- Generated by org.testng.reporters.JUnitReportReporter -->
<testsuite hostname="Jinta_Starlet" failures="0" tests="1" name="testscript.AdminUserTest" time="45.043" errors="0" timestamp="2024-12-10T00:01:29 IST" skipped="0">
  <testcase classname="testscript.AdminUserTest" name="adminuserpage" time="45.043"/>
</testsuite> <!-- testscript.AdminUserTest -->
