<?xml version="1.0" encoding="UTF-8"?>
<!-- Generated by org.testng.reporters.JUnitReportReporter -->
<testsuite hostname="Jinta_Starlet" failures="0" tests="1" name="testscript.ManageNewsTest" time="7.298" errors="0" timestamp="2024-12-17T08:26:58 GST" skipped="0">
  <testcase classname="testscript.ManageNewsTest" name="manageNewsPage" time="7.298"/>
</testsuite> <!-- testscript.ManageNewsTest -->
