<?xml version="1.0" encoding="UTF-8"?>
<!-- Generated by org.testng.reporters.JUnitReportReporter -->
<testsuite hostname="Jinta_Starlet" failures="0" tests="1" name="testscript.SubCategoryTest" time="48.268" errors="0" timestamp="2024-12-17T08:25:45 GST" skipped="0">
  <testcase classname="testscript.SubCategoryTest" name="subcategorysearchpage" time="48.268"/>
</testsuite> <!-- testscript.SubCategoryTest -->
