<?xml version="1.0" encoding="UTF-8"?>
<!-- Generated by org.testng.reporters.JUnitReportReporter -->
<testsuite hostname="Jinta_Starlet" failures="0" tests="1" name="testscript.HomePageTest" time="5.348" errors="0" timestamp="2024-12-09T23:52:48 IST" skipped="0">
  <testcase classname="testscript.HomePageTest" name="logout" time="5.348"/>
</testsuite> <!-- testscript.HomePageTest -->
