<?xml version="1.0" encoding="UTF-8"?>
<!-- Generated by org.testng.reporters.JUnitReportReporter -->
<testsuite hostname="Jinta_Starlet" failures="0" tests="1" name="testscript.ManageNewsTest" time="45.460" errors="0" timestamp="2024-12-19T12:42:50 GST" skipped="0">
  <testcase classname="testscript.ManageNewsTest" name="manageNewsPage" time="45.460"/>
</testsuite> <!-- testscript.ManageNewsTest -->
