<?xml version="1.0" encoding="UTF-8"?>
<!-- Generated by org.testng.reporters.JUnitReportReporter -->
<testsuite hostname="Jinta_Starlet" failures="0" tests="1" name="testscript.AdminUserSearchTest" time="7.304" errors="0" timestamp="2024-12-19T12:42:50 GST" skipped="0">
  <testcase classname="testscript.AdminUserSearchTest" name="adminusersearchpage" time="7.304"/>
</testsuite> <!-- testscript.AdminUserSearchTest -->
