<?xml version="1.0" encoding="UTF-8"?>
<!-- Generated by org.testng.reporters.JUnitReportReporter -->
<testsuite hostname="Jinta_Starlet" failures="0" tests="2" name="testscript.AdminUserSearchTest" time="53.186" errors="0" timestamp="2024-12-18T13:25:14 GST" skipped="0">
  <testcase classname="testscript.AdminUserSearchTest" name="adminusersearchpage" time="46.544"/>
  <testcase classname="testscript.AdminUserSearchTest" name="adminusersearchpage" time="6.642"/>
</testsuite> <!-- testscript.AdminUserSearchTest -->
